e:\github\himura-the-adventure\bin\himurath.32fa712b\x64\debug\vc143.pdb
e:\github\himura-the-adventure\bin\himurath.32fa712b\x64\debug\vc143.idb
e:\github\himura-the-adventure\bin\himurath.32fa712b\x64\debug\resourcemanager.obj
e:\github\himura-the-adventure\bin\himurath.32fa712b\x64\debug\texture.obj
e:\github\himura-the-adventure\bin\himurath.32fa712b\x64\debug\shader.obj
e:\github\himura-the-adventure\bin\himurath.32fa712b\x64\debug\render_engine.obj
e:\github\himura-the-adventure\bin\himurath.32fa712b\x64\debug\main.obj
e:\github\himura-the-adventure\bin\himurath.32fa712b\x64\debug\game_engine.obj
e:\github\himura-the-adventure\bin\himurath.32fa712b\x64\debug\sprite_renderer.obj
e:\github\himura-the-adventure\bin\himurath.32fa712b\x64\debug\gameobject.obj
e:\github\himura-the-adventure\bin\himurath.32fa712b\x64\debug\glad.obj
e:\github\himura-the-adventure\bin\x64\debug\himuratheadventure.exe
e:\github\himura-the-adventure\bin\x64\debug\himuratheadventure.pdb
e:\github\himura-the-adventure\bin\himurath.32fa712b\x64\debug\himuratheadventure.ilk
e:\github\himura-the-adventure\bin\himurath.32fa712b\x64\debug\himurath.32fa712b.tlog\cl.command.1.tlog
e:\github\himura-the-adventure\bin\himurath.32fa712b\x64\debug\himurath.32fa712b.tlog\cl.items.tlog
e:\github\himura-the-adventure\bin\himurath.32fa712b\x64\debug\himurath.32fa712b.tlog\cl.read.1.tlog
e:\github\himura-the-adventure\bin\himurath.32fa712b\x64\debug\himurath.32fa712b.tlog\cl.write.1.tlog
e:\github\himura-the-adventure\bin\himurath.32fa712b\x64\debug\himurath.32fa712b.tlog\link.command.1.tlog
e:\github\himura-the-adventure\bin\himurath.32fa712b\x64\debug\himurath.32fa712b.tlog\link.read.1.tlog
e:\github\himura-the-adventure\bin\himurath.32fa712b\x64\debug\himurath.32fa712b.tlog\link.secondary.1.tlog
e:\github\himura-the-adventure\bin\himurath.32fa712b\x64\debug\himurath.32fa712b.tlog\link.write.1.tlog
